<?xml version="1.0" encoding="utf-8"?><testsuites name="pytest tests"><testsuite name="pytest" errors="0" failures="0" skipped="0" tests="24" time="6.170" timestamp="2026-04-17T06:45:56.572068+00:00" hostname="agent-env-a9532a35-c2d0-4398-86dd-fbc4e5ede157"><testcase classname="backend.tests.test_panacee_crm.TestHealthAndRoot" name="test_api_root" time="0.213" /><testcase classname="backend.tests.test_panacee_crm.TestAuth" name="test_login_admin_principal_success" time="0.127" /><testcase classname="backend.tests.test_panacee_crm.TestAuth" name="test_login_admin_secondary_success" time="0.108" /><testcase classname="backend.tests.test_panacee_crm.TestAuth" name="test_login_vendeur_success" time="0.108" /><testcase classname="backend.tests.test_panacee_crm.TestAuth" name="test_login_invalid_code" time="0.112" /><testcase classname="backend.tests.test_panacee_crm.TestAuth" name="test_get_me_authenticated" time="0.202" /><testcase classname="backend.tests.test_panacee_crm.TestAuth" name="test_get_me_unauthenticated" time="0.107" /><testcase classname="backend.tests.test_panacee_crm.TestUsers" name="test_get_users" time="0.197" /><testcase classname="backend.tests.test_panacee_crm.TestUsers" name="test_get_vendeurs" time="0.204" /><testcase classname="backend.tests.test_panacee_crm.TestFormations" name="test_get_formations" time="0.098" /><testcase classname="backend.tests.test_panacee_crm.TestMarathons" name="test_get_marathons" time="0.202" /><testcase classname="backend.tests.test_panacee_crm.TestMarathons" name="test_create_marathon" time="0.213" /><testcase classname="backend.tests.test_panacee_crm.TestMarathons" name="test_get_marathon_by_id" time="0.301" /><testcase classname="backend.tests.test_panacee_crm.TestMarathons" name="test_vendeur_cannot_create_marathon" time="0.258" /><testcase classname="backend.tests.test_panacee_crm.TestLeads" name="test_create_lead" time="0.393" /><testcase classname="backend.tests.test_panacee_crm.TestLeads" name="test_get_leads" time="0.302" /><testcase classname="backend.tests.test_panacee_crm.TestLeads" name="test_update_lead" time="0.536" /><testcase classname="backend.tests.test_panacee_crm.TestDashboard" name="test_admin_dashboard" time="0.322" /><testcase classname="backend.tests.test_panacee_crm.TestDashboard" name="test_vendeur_dashboard" time="0.446" /><testcase classname="backend.tests.test_panacee_crm.TestRanking" name="test_get_ranking" time="0.298" /><testcase classname="backend.tests.test_panacee_crm.TestReports" name="test_get_reports" time="0.339" /><testcase classname="backend.tests.test_panacee_crm.TestPromises" name="test_get_today_promises" time="0.337" /><testcase classname="backend.tests.test_panacee_crm.TestPromises" name="test_get_overdue_promises" time="0.352" /><testcase classname="backend.tests.test_panacee_crm.TestMarathonTimeRemaining" name="test_time_remaining" time="0.304" /></testsuite></testsuites>