<?xml version="1.0" encoding="utf-8"?><testsuites name="pytest tests"><testsuite name="pytest" errors="0" failures="0" skipped="0" tests="16" time="7.597" timestamp="2026-04-17T20:54:39.813036+00:00" hostname="agent-env-a9532a35-c2d0-4398-86dd-fbc4e5ede157"><testcase classname="backend.tests.test_new_features.TestCodeModification" name="test_update_vendeur_code_valid_4_digits" time="0.607" /><testcase classname="backend.tests.test_new_features.TestCodeModification" name="test_update_vendeur_code_invalid_3_digits" time="0.368" /><testcase classname="backend.tests.test_new_features.TestCodeModification" name="test_update_vendeur_code_invalid_5_digits" time="0.451" /><testcase classname="backend.tests.test_new_features.TestCodeModification" name="test_update_vendeur_code_invalid_non_numeric" time="0.326" /><testcase classname="backend.tests.test_new_features.TestCodeModification" name="test_update_admin_code_valid_6_digits" time="0.455" /><testcase classname="backend.tests.test_new_features.TestCodeModification" name="test_update_admin_code_invalid_4_digits" time="0.372" /><testcase classname="backend.tests.test_new_features.TestCodeModification" name="test_update_admin_code_invalid_7_digits" time="0.326" /><testcase classname="backend.tests.test_new_features.TestCodeModification" name="test_duplicate_code_rejected" time="0.444" /><testcase classname="backend.tests.test_new_features.TestCodeModification" name="test_non_admin_principal_cannot_update_code" time="0.565" /><testcase classname="backend.tests.test_new_features.TestCodeModification" name="test_update_nonexistent_user_code" time="0.344" /><testcase classname="backend.tests.test_new_features.TestTimeRemainingPercentage" name="test_time_remaining_returns_time_percentage" time="0.335" /><testcase classname="backend.tests.test_new_features.TestDashboardCustomPeriod" name="test_admin_dashboard_with_custom_period" time="0.484" /><testcase classname="backend.tests.test_new_features.TestDashboardCustomPeriod" name="test_vendeur_dashboard_with_custom_period" time="0.498" /><testcase classname="backend.tests.test_new_features.TestPaymentMethods" name="test_create_lead_with_moncash" time="0.650" /><testcase classname="backend.tests.test_new_features.TestPaymentMethods" name="test_create_lead_with_natcash" time="0.607" /><testcase classname="backend.tests.test_new_features.TestPaymentMethods" name="test_create_lead_with_local" time="0.552" /></testsuite></testsuites>